<?xml version="1.0" encoding="UTF-8"?>
<testng-results total="2" passed="2" failed="0" skipped="0">
  <reporter-output>
  </reporter-output>
  <suite started-at="2023-11-13T09:18:42Z" name="Default suite" finished-at="2023-11-13T09:19:01Z" duration-ms="18790">
    <groups>
    </groups>
    <test started-at="2023-11-13T09:18:42Z" name="Default test" finished-at="2023-11-13T09:19:01Z" duration-ms="18790">
      <class name="testpackage.DataProvider">
        <test-method is-config="true" signature="open()[pri:0, instance:testpackage.DataProvider@1caa0244]" started-at="2023-11-13T14:48:42Z" name="open" finished-at="2023-11-13T14:48:46Z" duration-ms="4135" status="PASS">
          <reporter-output>
          </reporter-output>
        </test-method> <!-- open -->
        <test-method signature="login(java.lang.String, java.lang.String)[pri:0, instance:testpackage.DataProvider@1caa0244]" started-at="2023-11-13T14:48:46Z" name="login" data-provider="dp" finished-at="2023-11-13T14:48:54Z" duration-ms="8168" status="PASS">
          <params>
            <param index="0">
              <value>
                <![CDATA[standard_user]]>
              </value>
            </param>
            <param index="1">
              <value>
                <![CDATA[secret_sauce]]>
              </value>
            </param>
          </params>
          <reporter-output>
          </reporter-output>
        </test-method> <!-- login -->
        <test-method signature="login(java.lang.String, java.lang.String)[pri:0, instance:testpackage.DataProvider@1caa0244]" started-at="2023-11-13T14:48:54Z" name="login" data-provider="dp" finished-at="2023-11-13T14:49:01Z" duration-ms="6476" status="PASS">
          <params>
            <param index="0">
              <value>
                <![CDATA[abc]]>
              </value>
            </param>
            <param index="1">
              <value>
                <![CDATA[abc]]>
              </value>
            </param>
          </params>
          <reporter-output>
          </reporter-output>
        </test-method> <!-- login -->
      </class> <!-- testpackage.DataProvider -->
    </test> <!-- Default test -->
  </suite> <!-- Default suite -->
</testng-results>
