<?xml version="1.0" encoding="UTF-8"?>
<testng-results total="1" passed="1" failed="0" skipped="0">
  <reporter-output>
  </reporter-output>
  <suite started-at="2023-11-04T18:33:55Z" name="Surefire suite" finished-at="2023-11-04T18:34:05Z" duration-ms="9708">
    <groups>
    </groups>
    <test started-at="2023-11-04T18:33:55Z" name="Surefire test" finished-at="2023-11-04T18:34:05Z" duration-ms="9708">
      <class name="testpackage.DragAndDrop">
        <test-method is-config="true" signature="linkopen()[pri:0, instance:testpackage.DragAndDrop@71a794e5]" started-at="2023-11-05T00:03:55Z" name="linkopen" finished-at="2023-11-05T00:04:01Z" duration-ms="6215" status="PASS">
          <reporter-output>
          </reporter-output>
        </test-method> <!-- linkopen -->
        <test-method signature="dgdrop()[pri:0, instance:testpackage.DragAndDrop@71a794e5]" started-at="2023-11-05T00:04:01Z" name="dgdrop" finished-at="2023-11-05T00:04:05Z" duration-ms="3488" status="PASS">
          <reporter-output>
          </reporter-output>
        </test-method> <!-- dgdrop -->
      </class> <!-- testpackage.DragAndDrop -->
    </test> <!-- Surefire test -->
  </suite> <!-- Surefire suite -->
</testng-results>
