<?xml version="1.0" encoding="UTF-8"?>
<testng-results total="1" passed="1" failed="0" skipped="0">
  <reporter-output>
  </reporter-output>
  <suite started-at="2023-11-04T20:17:35Z" name="Default suite" finished-at="2023-11-04T20:18:13Z" duration-ms="37810">
    <groups>
      <group name="cucumber">
        <method signature="AbstractTestNGCucumberTests.runScenario(io.cucumber.testng.PickleWrapper, io.cucumber.testng.FeatureWrapper)[pri:0, instance:gururunner.TestRunnerGuru@23e84203]" name="runScenario" class="io.cucumber.testng.AbstractTestNGCucumberTests"/>
      </group> <!-- cucumber -->
    </groups>
    <test started-at="2023-11-04T20:17:35Z" name="Default test" finished-at="2023-11-04T20:18:13Z" duration-ms="37810">
      <class name="gururunner.TestRunnerGuru">
        <test-method is-config="true" signature="setUpClass(org.testng.ITestContext)[pri:0, instance:gururunner.TestRunnerGuru@23e84203]" started-at="2023-11-05T01:47:35Z" name="setUpClass" finished-at="2023-11-05T01:47:35Z" duration-ms="368" status="PASS">
          <params>
            <param index="0">
              <value>
                <![CDATA[org.testng.TestRunner@44598ef7]]>
              </value>
            </param>
          </params>
          <reporter-output>
          </reporter-output>
        </test-method> <!-- setUpClass -->
        <test-method signature="runScenario(io.cucumber.testng.PickleWrapper, io.cucumber.testng.FeatureWrapper)[pri:0, instance:gururunner.TestRunnerGuru@23e84203]" started-at="2023-11-05T01:47:35Z" name="runScenario" description="Runs Cucumber Scenarios" data-provider="scenarios" finished-at="2023-11-05T01:48:13Z" duration-ms="37389" status="PASS">
          <params>
            <param index="0">
              <value>
                <![CDATA["To test the signon functionality"]]>
              </value>
            </param>
            <param index="1">
              <value>
                <![CDATA["Optional[Testing Guru99 mercury tours with TestNG #goal]"]]>
              </value>
            </param>
          </params>
          <reporter-output>
          </reporter-output>
        </test-method> <!-- runScenario -->
        <test-method is-config="true" signature="tearDownClass()[pri:0, instance:gururunner.TestRunnerGuru@23e84203]" started-at="2023-11-05T01:48:13Z" name="tearDownClass" finished-at="2023-11-05T01:48:13Z" duration-ms="32" status="PASS">
          <reporter-output>
          </reporter-output>
        </test-method> <!-- tearDownClass -->
      </class> <!-- gururunner.TestRunnerGuru -->
    </test> <!-- Default test -->
  </suite> <!-- Default suite -->
</testng-results>
