<?xml version="1.0" encoding="UTF-8"?>
<testng-results total="1" passed="1" failed="0" skipped="0">
  <reporter-output>
  </reporter-output>
  <suite started-at="2023-11-05T09:05:47Z" name="Default suite" finished-at="2023-11-05T09:06:31Z" duration-ms="44184">
    <groups>
      <group name="cucumber">
        <method signature="AbstractTestNGCucumberTests.runScenario(io.cucumber.testng.PickleWrapper, io.cucumber.testng.FeatureWrapper)[pri:0, instance:guruRunnerPosNeg.GuruPosNegTestRunner@23e84203]" name="runScenario" class="io.cucumber.testng.AbstractTestNGCucumberTests"/>
      </group> <!-- cucumber -->
    </groups>
    <test started-at="2023-11-05T09:05:47Z" name="Default test" finished-at="2023-11-05T09:06:31Z" duration-ms="44184">
      <class name="guruRunnerPosNeg.GuruPosNegTestRunner">
        <test-method is-config="true" signature="setUpClass(org.testng.ITestContext)[pri:0, instance:guruRunnerPosNeg.GuruPosNegTestRunner@23e84203]" started-at="2023-11-05T14:35:47Z" name="setUpClass" finished-at="2023-11-05T14:35:48Z" duration-ms="346" status="PASS">
          <params>
            <param index="0">
              <value>
                <![CDATA[org.testng.TestRunner@7e3236d]]>
              </value>
            </param>
          </params>
          <reporter-output>
          </reporter-output>
        </test-method> <!-- setUpClass -->
        <test-method signature="runScenario(io.cucumber.testng.PickleWrapper, io.cucumber.testng.FeatureWrapper)[pri:0, instance:guruRunnerPosNeg.GuruPosNegTestRunner@23e84203]" started-at="2023-11-05T14:35:48Z" name="runScenario" description="Runs Cucumber Scenarios" data-provider="scenarios" finished-at="2023-11-05T14:36:31Z" duration-ms="43743" status="PASS">
          <params>
            <param index="0">
              <value>
                <![CDATA["To test the signon functionality with invalid data"]]>
              </value>
            </param>
            <param index="1">
              <value>
                <![CDATA["Optional[Testing Guru99 mercury tours with TestNG #goal]"]]>
              </value>
            </param>
          </params>
          <reporter-output>
          </reporter-output>
        </test-method> <!-- runScenario -->
        <test-method is-config="true" signature="tearDownClass()[pri:0, instance:guruRunnerPosNeg.GuruPosNegTestRunner@23e84203]" started-at="2023-11-05T14:36:31Z" name="tearDownClass" finished-at="2023-11-05T14:36:31Z" duration-ms="48" status="PASS">
          <reporter-output>
          </reporter-output>
        </test-method> <!-- tearDownClass -->
      </class> <!-- guruRunnerPosNeg.GuruPosNegTestRunner -->
    </test> <!-- Default test -->
  </suite> <!-- Default suite -->
</testng-results>
