<?xml version="1.0" encoding="UTF-8"?>
<!-- Generated by org.testng.reporters.JUnitXMLReporter -->
<testsuite hostname="LAPTOP-6C85G93H" failures="0" tests="3" name="Test" time="73.213" errors="0" timestamp="8 Nov 2023 13:12:10 GMT">
  <testcase classname="makeMyTripProject.MMTrip" name="Holiday_pack" time="5.378"/>
  <testcase classname="makeMyTripProject.MMTrip" name="package_search" time="21.525"/>
  <testcase classname="makeMyTripProject.MMTrip" name="select_package" time="18.136"/>
</testsuite> <!-- Test -->
